<?xml version="1.0" encoding="UTF-8"?>
<!-- Generated by org.testng.reporters.JUnitReportReporter -->
<testsuite hostname="DESKTOP-F85JIL9" failures="0" tests="3" name="TestNgBasics.VehicleInsurance" time="0.010" errors="0" timestamp="2022-03-30T19:14:17 IST" skipped="0">
  <testcase classname="TestNgBasics.VehicleInsurance" name="WebLogin" time="0.003"/>
  <system-out/>
  <testcase classname="TestNgBasics.VehicleInsurance" name="APILogin" time="0.004"/>
  <system-out/>
  <testcase classname="TestNgBasics.VehicleInsurance" name="MobileLogin" time="0.003"/>
  <system-out/>
</testsuite> <!-- TestNgBasics.VehicleInsurance -->
