<?xml version="1.0" encoding="UTF-8"?>
<!-- Generated by org.testng.reporters.JUnitReportReporter -->
<testsuite hostname="DESKTOP-F85JIL9" failures="0" tests="2" name="TestNgBasics.TestNgDemo" time="0.004" errors="0" timestamp="2022-03-30T07:16:05 IST" skipped="0">
  <testcase classname="TestNgBasics.TestNgDemo" name="SecondTestCase" time="0.002"/>
  <system-out/>
  <testcase classname="TestNgBasics.TestNgDemo" name="Demo" time="0.002"/>
  <system-out/>
</testsuite> <!-- TestNgBasics.TestNgDemo -->
