<?xml version="1.0" encoding="UTF-8"?>
<!-- Generated by org.testng.reporters.JUnitReportReporter -->
<testsuite hostname="DESKTOP-F85JIL9" failures="0" tests="3" name="TestNgBasics.HomeInsurance" time="0.007" errors="0" timestamp="2022-03-30T19:14:17 IST" skipped="0">
  <testcase classname="TestNgBasics.HomeInsurance" name="WebLogin" time="0.002"/>
  <system-out/>
  <testcase classname="TestNgBasics.HomeInsurance" name="MobileLogin" time="0.003"/>
  <system-out/>
  <testcase classname="TestNgBasics.HomeInsurance" name="APILogin" time="0.002"/>
  <system-out/>
</testsuite> <!-- TestNgBasics.HomeInsurance -->
