<?xml version="1.0" encoding="UTF-8"?>
<!-- Generated by org.testng.reporters.JUnitReportReporter -->
<testsuite hostname="DESKTOP-F85JIL9" failures="0" tests="2" name="TestNgBasics.GardenInsurance" time="0.015" errors="0" timestamp="2022-03-30T19:14:17 IST" skipped="0">
  <testcase classname="TestNgBasics.GardenInsurance" name="MobileLogin" time="0.002"/>
  <system-out/>
  <testcase classname="TestNgBasics.GardenInsurance" name="APILogin" time="0.013"/>
  <system-out/>
</testsuite> <!-- TestNgBasics.GardenInsurance -->
