<?xml version="1.0" encoding="UTF-8"?>
<!-- Generated by org.testng.reporters.JUnitReportReporter -->
<testsuite hostname="DESKTOP-F85JIL9" failures="0" tests="1" name="pomWOPageFactory1.LoginpayrollTest1" time="16.062" errors="0" timestamp="2022-04-25T20:02:45 IST" skipped="0">
  <testcase classname="pomWOPageFactory1.LoginpayrollTest1" name="verifyLogin" time="16.062"/>
  <system-out/>
</testsuite> <!-- pomWOPageFactory1.LoginpayrollTest1 -->
