<?xml version="1.0" encoding="UTF-8"?>
<!-- Generated by org.testng.reporters.JUnitReportReporter -->
<testsuite hostname="DESKTOP-F85JIL9" failures="0" tests="1" name="POMWithPageFactory1.LoginPayrollTest" time="11.810" errors="0" timestamp="2022-04-25T19:49:16 IST" skipped="0">
  <testcase classname="POMWithPageFactory1.LoginPayrollTest" name="verifyLogin" time="11.810"/>
  <system-out/>
</testsuite> <!-- POMWithPageFactory1.LoginPayrollTest -->
